Determining if the pthread_create exist failed with the following output:
Change Dir: /sWebView/src/CMakeFiles/CMakeTmp

Run Build Command:"/usr/sbin/make" "cmTC_d24fc/fast"
/usr/sbin/make -f CMakeFiles/cmTC_d24fc.dir/build.make CMakeFiles/cmTC_d24fc.dir/build
make[1]: Entering directory '/sWebView/src/CMakeFiles/CMakeTmp'
Building C object CMakeFiles/cmTC_d24fc.dir/CheckSymbolExists.c.o
/usr/sbin/cc    -o CMakeFiles/cmTC_d24fc.dir/CheckSymbolExists.c.o   -c /sWebView/src/CMakeFiles/CMakeTmp/CheckSymbolExists.c
Linking C executable cmTC_d24fc
/usr/bin/cmake -E cmake_link_script CMakeFiles/cmTC_d24fc.dir/link.txt --verbose=1
/usr/sbin/cc      -rdynamic CMakeFiles/cmTC_d24fc.dir/CheckSymbolExists.c.o  -o cmTC_d24fc 
CMakeFiles/cmTC_d24fc.dir/CheckSymbolExists.c.o: In function `main':
CheckSymbolExists.c:(.text+0x1b): undefined reference to `pthread_create'
collect2: error: ld returned 1 exit status
make[1]: *** [CMakeFiles/cmTC_d24fc.dir/build.make:98: cmTC_d24fc] Error 1
make[1]: Leaving directory '/sWebView/src/CMakeFiles/CMakeTmp'
make: *** [Makefile:126: cmTC_d24fc/fast] Error 2

File /sWebView/src/CMakeFiles/CMakeTmp/CheckSymbolExists.c:
/* */
#include <pthread.h>

int main(int argc, char** argv)
{
  (void)argv;
#ifndef pthread_create
  return ((int*)(&pthread_create))[argc];
#else
  (void)argc;
  return 0;
#endif
}

Determining if the function pthread_create exists in the pthreads failed with the following output:
Change Dir: /sWebView/src/CMakeFiles/CMakeTmp

Run Build Command:"/usr/sbin/make" "cmTC_fd192/fast"
/usr/sbin/make -f CMakeFiles/cmTC_fd192.dir/build.make CMakeFiles/cmTC_fd192.dir/build
make[1]: Entering directory '/sWebView/src/CMakeFiles/CMakeTmp'
Building C object CMakeFiles/cmTC_fd192.dir/CheckFunctionExists.c.o
/usr/sbin/cc   -DCHECK_FUNCTION_EXISTS=pthread_create   -o CMakeFiles/cmTC_fd192.dir/CheckFunctionExists.c.o   -c /usr/share/cmake-3.10/Modules/CheckFunctionExists.c
Linking C executable cmTC_fd192
/usr/bin/cmake -E cmake_link_script CMakeFiles/cmTC_fd192.dir/link.txt --verbose=1
/usr/sbin/cc  -DCHECK_FUNCTION_EXISTS=pthread_create    -rdynamic CMakeFiles/cmTC_fd192.dir/CheckFunctionExists.c.o  -o cmTC_fd192 -lpthreads 
/usr/sbin/ld: cannot find -lpthreads
collect2: error: ld returned 1 exit status
make[1]: *** [CMakeFiles/cmTC_fd192.dir/build.make:98: cmTC_fd192] Error 1
make[1]: Leaving directory '/sWebView/src/CMakeFiles/CMakeTmp'
make: *** [Makefile:126: cmTC_fd192/fast] Error 2


